                                        
                           Design Compiler Graphical 
                                 DC Ultra (TM)
                                  DFTMAX (TM)
                              Power Compiler (TM)
                                 DesignWare (R)
                                 DC Expert (TM)
                               Design Vision (TM)
                               HDL Compiler (TM)
                               VHDL Compiler (TM)
                                  DFT Compiler
                               Design Compiler(R)
                                        
                 Version K-2015.06 for linux64 - May 28, 2015 
                                        
                    Copyright (c) 1988 - 2015 Synopsys, Inc.
   This software and the associated documentation are proprietary to Synopsys,
 Inc. This software may only be used in accordance with the terms and conditions
 of a written license agreement with Synopsys, Inc. All other use, reproduction,
            or distribution of this software is strictly prohibited.
Initializing...
Initializing gui preferences from file  /home/IC/.synopsys_dv_prefs.tcl
#Owner : Mohamed Ayman Elsayed
#Description : DFT Script using Tcl 
#Date : 6 Oct 2022
########################### Define Top Module ############################
set top_module SYS_TOP
SYS_TOP
##################### Define Working Library Directory ######################
define_design_lib work -path ./work
1
set_svf SYS_TOP.svf
1
################## Design Compiler Library Files #setup ######################
puts "###########################################"
###########################################
puts "#      #setting Design Libraries           #"
#      #setting Design Libraries           #
puts "###########################################"
###########################################
#Add the path of the libraries to the search_path variable
lappend search_path /home/IC/System/std_cells/libs
. /opt/Synopsys/Synplify2015/libraries/syn /opt/Synopsys/Synplify2015/minpower/syn /opt/Synopsys/Synplify2015/dw/syn_ver /opt/Synopsys/Synplify2015/dw/sim_ver /home/IC/System/std_cells/libs
lappend search_path /home/IC/System/rtl
. /opt/Synopsys/Synplify2015/libraries/syn /opt/Synopsys/Synplify2015/minpower/syn /opt/Synopsys/Synplify2015/dw/syn_ver /opt/Synopsys/Synplify2015/dw/sim_ver /home/IC/System/std_cells/libs /home/IC/System/rtl
set TTLIB "scmetro_tsmc_cl013g_rvt_tt_1p2v_25c.db"
scmetro_tsmc_cl013g_rvt_tt_1p2v_25c.db
set SSLIB "scmetro_tsmc_cl013g_rvt_ss_1p08v_125c.db"
scmetro_tsmc_cl013g_rvt_ss_1p08v_125c.db
set FFLIB "scmetro_tsmc_cl013g_rvt_ff_1p32v_m40c.db"
scmetro_tsmc_cl013g_rvt_ff_1p32v_m40c.db
## Standard Cell libraries 
set target_library [list $SSLIB $TTLIB $FFLIB]
scmetro_tsmc_cl013g_rvt_ss_1p08v_125c.db scmetro_tsmc_cl013g_rvt_tt_1p2v_25c.db scmetro_tsmc_cl013g_rvt_ff_1p32v_m40c.db
## Standard Cell & Hard Macros libraries 
set link_library [list * $SSLIB $TTLIB $FFLIB]  
* scmetro_tsmc_cl013g_rvt_ss_1p08v_125c.db scmetro_tsmc_cl013g_rvt_tt_1p2v_25c.db scmetro_tsmc_cl013g_rvt_ff_1p32v_m40c.db
######################## Reading RTL Files #################################
puts "###########################################"
###########################################
puts "#             Reading RTL Files           #"
#             Reading RTL Files           #
puts "###########################################"
###########################################
read_file -format verilog ALU.v
Loading db file '/home/IC/System/std_cells/libs/scmetro_tsmc_cl013g_rvt_ss_1p08v_125c.db'
Loading db file '/home/IC/System/std_cells/libs/scmetro_tsmc_cl013g_rvt_tt_1p2v_25c.db'
Loading db file '/home/IC/System/std_cells/libs/scmetro_tsmc_cl013g_rvt_ff_1p32v_m40c.db'
Loading db file '/opt/Synopsys/Synplify2015/libraries/syn/gtech.db'
Loading db file '/opt/Synopsys/Synplify2015/libraries/syn/standard.sldb'
  Loading link library 'scmetro_tsmc_cl013g_rvt_ss_1p08v_125c'
  Loading link library 'scmetro_tsmc_cl013g_rvt_tt_1p2v_25c'
  Loading link library 'scmetro_tsmc_cl013g_rvt_ff_1p32v_m40c'
  Loading link library 'gtech'
Loading verilog file '/home/IC/System/rtl/ALU.v'
Detecting input file type automatically (-rtl or -netlist).
Reading with Presto HDL Compiler (equivalent to -rtl option).
Running PRESTO HDLC
Compiling source file /home/IC/System/rtl/ALU.v

Statistics for case statements in always block at line 51 in file
	'/home/IC/System/rtl/ALU.v'
===============================================
|           Line           |  full/ parallel  |
===============================================
|            57            |    auto/auto     |
===============================================

Inferred memory devices in process
	in routine ALU line 36 in file
		'/home/IC/System/rtl/ALU.v'.
===============================================================================
|    Register Name    |   Type    | Width | Bus | MB | AR | AS | SR | SS | ST |
===============================================================================
|     ALU_OUT_reg     | Flip-flop |  16   |  Y  | N  | Y  | N  | N  | N  | N  |
===============================================================================
Presto compilation completed successfully.
Current design is now '/home/IC/System/rtl/ALU.db:ALU'
Loaded 1 design.
Current design is 'ALU'.
ALU
read_file -format verilog BIT_SYNC.v
Loading verilog file '/home/IC/System/rtl/BIT_SYNC.v'
Detecting input file type automatically (-rtl or -netlist).
Reading with Presto HDL Compiler (equivalent to -rtl option).
Running PRESTO HDLC
Compiling source file /home/IC/System/rtl/BIT_SYNC.v

Inferred memory devices in process
	in routine BIT_SYNC line 31 in file
		'/home/IC/System/rtl/BIT_SYNC.v'.
===============================================================================
|    Register Name    |   Type    | Width | Bus | MB | AR | AS | SR | SS | ST |
===============================================================================
|      SYNC_reg       | Flip-flop |   1   |  N  | N  | Y  | N  | N  | N  | N  |
|   Sync_flops_reg    | Flip-flop |   1   |  N  | N  | Y  | N  | N  | N  | N  |
===============================================================================
Presto compilation completed successfully.
Current design is now '/home/IC/System/rtl/BIT_SYNC.db:BIT_SYNC'
Loaded 1 design.
Current design is 'BIT_SYNC'.
BIT_SYNC
read_file -format verilog ClkDiv.v
Loading verilog file '/home/IC/System/rtl/ClkDiv.v'
Detecting input file type automatically (-rtl or -netlist).
Reading with Presto HDL Compiler (equivalent to -rtl option).
Running PRESTO HDLC
Compiling source file /home/IC/System/rtl/ClkDiv.v

Inferred memory devices in process
	in routine ClkDiv line 49 in file
		'/home/IC/System/rtl/ClkDiv.v'.
===============================================================================
|    Register Name    |   Type    | Width | Bus | MB | AR | AS | SR | SS | ST |
===============================================================================
|     counter_reg     | Flip-flop |   4   |  Y  | N  | Y  | N  | N  | N  | N  |
===============================================================================

Inferred memory devices in process
	in routine ClkDiv line 75 in file
		'/home/IC/System/rtl/ClkDiv.v'.
===============================================================================
|    Register Name    |   Type    | Width | Bus | MB | AR | AS | SR | SS | ST |
===============================================================================
|      Flag_reg       | Flip-flop |   1   |  N  | N  | Y  | N  | N  | N  | N  |
|    o_div_clk_reg    | Flip-flop |   1   |  N  | N  | Y  | N  | N  | N  | N  |
===============================================================================
Presto compilation completed successfully.
Current design is now '/home/IC/System/rtl/ClkDiv.db:ClkDiv'
Loaded 1 design.
Current design is 'ClkDiv'.
ClkDiv
read_file -format verilog Clock_Gating.v
Loading verilog file '/home/IC/System/rtl/Clock_Gating.v'
Detecting input file type automatically (-rtl or -netlist).
Running DC verilog reader
Performing 'read' command.
Compiling source file /home/IC/System/rtl/Clock_Gating.v
Reading with netlist reader (equivalent to -netlist option).
Verilog netlist reader completed successfully.
Current design is now '/home/IC/System/rtl/Clock_Gating.db:Clock_Gating'
Loaded 1 design.
Current design is 'Clock_Gating'.
Clock_Gating
read_file -format verilog Multi_Flip_Flop.v
Loading verilog file '/home/IC/System/rtl/Multi_Flip_Flop.v'
Detecting input file type automatically (-rtl or -netlist).
Reading with Presto HDL Compiler (equivalent to -rtl option).
Running PRESTO HDLC
Compiling source file /home/IC/System/rtl/Multi_Flip_Flop.v

Inferred memory devices in process
	in routine Multi_Flip_Flop line 31 in file
		'/home/IC/System/rtl/Multi_Flip_Flop.v'.
===============================================================================
|    Register Name    |   Type    | Width | Bus | MB | AR | AS | SR | SS | ST |
===============================================================================
|      SYNC_reg       | Flip-flop |   1   |  N  | N  | Y  | N  | N  | N  | N  |
|   Sync_flops_reg    | Flip-flop |   1   |  N  | N  | Y  | N  | N  | N  | N  |
===============================================================================
Presto compilation completed successfully.
Current design is now '/home/IC/System/rtl/Multi_Flip_Flop.db:Multi_Flip_Flop'
Loaded 1 design.
Current design is 'Multi_Flip_Flop'.
Multi_Flip_Flop
read_file -format verilog DATA_SYNC.v
Loading verilog file '/home/IC/System/rtl/DATA_SYNC.v'
Detecting input file type automatically (-rtl or -netlist).
Reading with Presto HDL Compiler (equivalent to -rtl option).
Running PRESTO HDLC
Compiling source file /home/IC/System/rtl/DATA_SYNC.v
Warning:  /home/IC/System/rtl/DATA_SYNC.v:32: Parameter keyword used in local parameter declaration. (VER-329)

Inferred memory devices in process
	in routine DATA_SYNC line 51 in file
		'/home/IC/System/rtl/DATA_SYNC.v'.
===============================================================================
|    Register Name    |   Type    | Width | Bus | MB | AR | AS | SR | SS | ST |
===============================================================================
|   pulse_Gen_Q_reg   | Flip-flop |   1   |  N  | N  | Y  | N  | N  | N  | N  |
===============================================================================

Inferred memory devices in process
	in routine DATA_SYNC line 65 in file
		'/home/IC/System/rtl/DATA_SYNC.v'.
===============================================================================
|    Register Name    |   Type    | Width | Bus | MB | AR | AS | SR | SS | ST |
===============================================================================
|  enable_pulse_reg   | Flip-flop |   1   |  N  | N  | Y  | N  | N  | N  | N  |
===============================================================================

Inferred memory devices in process
	in routine DATA_SYNC line 79 in file
		'/home/IC/System/rtl/DATA_SYNC.v'.
===============================================================================
|    Register Name    |   Type    | Width | Bus | MB | AR | AS | SR | SS | ST |
===============================================================================
|    sync_bus_reg     | Flip-flop |   8   |  Y  | N  | Y  | N  | N  | N  | N  |
===============================================================================
Presto compilation completed successfully.
Current design is now '/home/IC/System/rtl/DATA_SYNC.db:DATA_SYNC'
Loaded 1 design.
Current design is 'DATA_SYNC'.
DATA_SYNC
read_file -format verilog RegFile.v
Loading verilog file '/home/IC/System/rtl/RegFile.v'
Detecting input file type automatically (-rtl or -netlist).
Reading with Presto HDL Compiler (equivalent to -rtl option).
Running PRESTO HDLC
Compiling source file /home/IC/System/rtl/RegFile.v

Inferred memory devices in process
	in routine RegFile line 48 in file
		'/home/IC/System/rtl/RegFile.v'.
===============================================================================
|    Register Name    |   Type    | Width | Bus | MB | AR | AS | SR | SS | ST |
===============================================================================
|       MEM_reg       | Flip-flop |  124  |  Y  | N  | Y  | N  | N  | N  | N  |
|       MEM_reg       | Flip-flop |   4   |  Y  | N  | N  | Y  | N  | N  | N  |
|     RdData_reg      | Flip-flop |   8   |  Y  | N  | Y  | N  | N  | N  | N  |
|  RdData_Valid_reg   | Flip-flop |   1   |  N  | N  | Y  | N  | N  | N  | N  |
===============================================================================
Statistics for MUX_OPs
===========================================================
| block name/line  | Inputs | Outputs | # sel inputs | MB |
===========================================================
|    RegFile/83    |   16   |    8    |      4       | N  |
===========================================================
Presto compilation completed successfully.
Current design is now '/home/IC/System/rtl/RegFile.db:RegFile'
Loaded 1 design.
Current design is 'RegFile'.
RegFile
read_file -format verilog RST_SYNC.v
Loading verilog file '/home/IC/System/rtl/RST_SYNC.v'
Detecting input file type automatically (-rtl or -netlist).
Reading with Presto HDL Compiler (equivalent to -rtl option).
Running PRESTO HDLC
Compiling source file /home/IC/System/rtl/RST_SYNC.v

Inferred memory devices in process
	in routine RST_SYNC line 27 in file
		'/home/IC/System/rtl/RST_SYNC.v'.
===============================================================================
|    Register Name    |   Type    | Width | Bus | MB | AR | AS | SR | SS | ST |
===============================================================================
|   Sync_flops_reg    | Flip-flop |   1   |  N  | N  | Y  | N  | N  | N  | N  |
|    SYNC_RST_reg     | Flip-flop |   1   |  N  | N  | Y  | N  | N  | N  | N  |
===============================================================================
Presto compilation completed successfully.
Current design is now '/home/IC/System/rtl/RST_SYNC.db:RST_SYNC'
Loaded 1 design.
Current design is 'RST_SYNC'.
RST_SYNC
read_file -format verilog SYS_CTRL_RX.v
Loading verilog file '/home/IC/System/rtl/SYS_CTRL_RX.v'
Detecting input file type automatically (-rtl or -netlist).
Reading with Presto HDL Compiler (equivalent to -rtl option).
Running PRESTO HDLC
Compiling source file /home/IC/System/rtl/SYS_CTRL_RX.v

Statistics for case statements in always block at line 109 in file
	'/home/IC/System/rtl/SYS_CTRL_RX.v'
===============================================
|           Line           |  full/ parallel  |
===============================================
|           122            |    auto/auto     |
|           138            |    auto/auto     |
===============================================

Inferred memory devices in process
	in routine SYS_CTRL_RX line 66 in file
		'/home/IC/System/rtl/SYS_CTRL_RX.v'.
===============================================================================
|    Register Name    |   Type    | Width | Bus | MB | AR | AS | SR | SS | ST |
===============================================================================
|  current_state_reg  | Flip-flop |   4   |  Y  | N  | Y  | N  | N  | N  | N  |
===============================================================================

Inferred memory devices in process
	in routine SYS_CTRL_RX line 81 in file
		'/home/IC/System/rtl/SYS_CTRL_RX.v'.
===============================================================================
|    Register Name    |   Type    | Width | Bus | MB | AR | AS | SR | SS | ST |
===============================================================================
|     Address_reg     | Flip-flop |   4   |  Y  | N  | Y  | N  | N  | N  | N  |
===============================================================================

Inferred memory devices in process
	in routine SYS_CTRL_RX line 95 in file
		'/home/IC/System/rtl/SYS_CTRL_RX.v'.
===============================================================================
|    Register Name    |   Type    | Width | Bus | MB | AR | AS | SR | SS | ST |
===============================================================================
|     ALU_FUN_reg     | Flip-flop |   4   |  Y  | N  | Y  | N  | N  | N  | N  |
===============================================================================
Presto compilation completed successfully.
Current design is now '/home/IC/System/rtl/SYS_CTRL_RX.db:SYS_CTRL_RX'
Loaded 1 design.
Current design is 'SYS_CTRL_RX'.
SYS_CTRL_RX
read_file -format verilog SYS_CTRL_TX.v
Loading verilog file '/home/IC/System/rtl/SYS_CTRL_TX.v'
Detecting input file type automatically (-rtl or -netlist).
Reading with Presto HDL Compiler (equivalent to -rtl option).
Running PRESTO HDLC
Compiling source file /home/IC/System/rtl/SYS_CTRL_TX.v

Statistics for case statements in always block at line 61 in file
	'/home/IC/System/rtl/SYS_CTRL_TX.v'
===============================================
|           Line           |  full/ parallel  |
===============================================
|            69            |    auto/auto     |
===============================================

Inferred memory devices in process
	in routine SYS_CTRL_TX line 46 in file
		'/home/IC/System/rtl/SYS_CTRL_TX.v'.
===============================================================================
|    Register Name    |   Type    | Width | Bus | MB | AR | AS | SR | SS | ST |
===============================================================================
|  current_state_reg  | Flip-flop |   3   |  Y  | N  | Y  | N  | N  | N  | N  |
===============================================================================
Presto compilation completed successfully.
Current design is now '/home/IC/System/rtl/SYS_CTRL_TX.db:SYS_CTRL_TX'
Loaded 1 design.
Current design is 'SYS_CTRL_TX'.
SYS_CTRL_TX
read_file -format verilog SYS_CTRL.v
Loading verilog file '/home/IC/System/rtl/SYS_CTRL.v'
Detecting input file type automatically (-rtl or -netlist).
Reading with Presto HDL Compiler (equivalent to -rtl option).
Running PRESTO HDLC
Compiling source file /home/IC/System/rtl/SYS_CTRL.v
Presto compilation completed successfully.
Current design is now '/home/IC/System/rtl/SYS_CTRL.db:SYS_CTRL'
Loaded 1 design.
Current design is 'SYS_CTRL'.
SYS_CTRL
read_file -format verilog data_sampling.v
Loading verilog file '/home/IC/System/rtl/data_sampling.v'
Detecting input file type automatically (-rtl or -netlist).
Reading with Presto HDL Compiler (equivalent to -rtl option).
Running PRESTO HDLC
Compiling source file /home/IC/System/rtl/data_sampling.v

Inferred memory devices in process
	in routine data_sampling line 39 in file
		'/home/IC/System/rtl/data_sampling.v'.
===============================================================================
|    Register Name    |   Type    | Width | Bus | MB | AR | AS | SR | SS | ST |
===============================================================================
|  sample_bit_2_reg   | Flip-flop |   1   |  N  | N  | Y  | N  | N  | N  | N  |
|  sample_bit_3_reg   | Flip-flop |   1   |  N  | N  | Y  | N  | N  | N  | N  |
|   sampled_bit_reg   | Flip-flop |   1   |  N  | N  | Y  | N  | N  | N  | N  |
|  sample_bit_1_reg   | Flip-flop |   1   |  N  | N  | Y  | N  | N  | N  | N  |
===============================================================================
Presto compilation completed successfully.
Current design is now '/home/IC/System/rtl/data_sampling.db:data_sampling'
Loaded 1 design.
Current design is 'data_sampling'.
data_sampling
read_file -format verilog deserializer.v
Loading verilog file '/home/IC/System/rtl/deserializer.v'
Detecting input file type automatically (-rtl or -netlist).
Reading with Presto HDL Compiler (equivalent to -rtl option).
Running PRESTO HDLC
Compiling source file /home/IC/System/rtl/deserializer.v

Inferred memory devices in process
	in routine deserializer line 34 in file
		'/home/IC/System/rtl/deserializer.v'.
===============================================================================
|    Register Name    |   Type    | Width | Bus | MB | AR | AS | SR | SS | ST |
===============================================================================
|     P_DATA_reg      | Flip-flop |   8   |  Y  | N  | Y  | N  | N  | N  | N  |
===============================================================================
Presto compilation completed successfully.
Current design is now '/home/IC/System/rtl/deserializer.db:deserializer'
Loaded 1 design.
Current design is 'deserializer'.
deserializer
read_file -format verilog edge_bit_counter.v
Loading verilog file '/home/IC/System/rtl/edge_bit_counter.v'
Detecting input file type automatically (-rtl or -netlist).
Reading with Presto HDL Compiler (equivalent to -rtl option).
Running PRESTO HDLC
Compiling source file /home/IC/System/rtl/edge_bit_counter.v

Inferred memory devices in process
	in routine edge_bit_counter line 35 in file
		'/home/IC/System/rtl/edge_bit_counter.v'.
===============================================================================
|    Register Name    |   Type    | Width | Bus | MB | AR | AS | SR | SS | ST |
===============================================================================
|    edge_cnt_reg     | Flip-flop |   3   |  Y  | N  | Y  | N  | N  | N  | N  |
===============================================================================

Inferred memory devices in process
	in routine edge_bit_counter line 63 in file
		'/home/IC/System/rtl/edge_bit_counter.v'.
===============================================================================
|    Register Name    |   Type    | Width | Bus | MB | AR | AS | SR | SS | ST |
===============================================================================
|     bit_cnt_reg     | Flip-flop |   4   |  Y  | N  | Y  | N  | N  | N  | N  |
===============================================================================
Presto compilation completed successfully.
Current design is now '/home/IC/System/rtl/edge_bit_counter.db:edge_bit_counter'
Loaded 1 design.
Current design is 'edge_bit_counter'.
edge_bit_counter
read_file -format verilog parity_check.v
Loading verilog file '/home/IC/System/rtl/parity_check.v'
Detecting input file type automatically (-rtl or -netlist).
Reading with Presto HDL Compiler (equivalent to -rtl option).
Running PRESTO HDLC
Compiling source file /home/IC/System/rtl/parity_check.v

Statistics for case statements in always block at line 42 in file
	'/home/IC/System/rtl/parity_check.v'
===============================================
|           Line           |  full/ parallel  |
===============================================
|            48            |    auto/auto     |
===============================================
Presto compilation completed successfully.
Current design is now '/home/IC/System/rtl/parity_check.db:parity_check'
Loaded 1 design.
Current design is 'parity_check'.
parity_check
read_file -format verilog RX_FSM.v
Loading verilog file '/home/IC/System/rtl/RX_FSM.v'
Detecting input file type automatically (-rtl or -netlist).
Reading with Presto HDL Compiler (equivalent to -rtl option).
Running PRESTO HDLC
Compiling source file /home/IC/System/rtl/RX_FSM.v

Statistics for case statements in always block at line 69 in file
	'/home/IC/System/rtl/RX_FSM.v'
===============================================
|           Line           |  full/ parallel  |
===============================================
|            84            |    auto/auto     |
===============================================

Inferred memory devices in process
	in routine RX_FSM line 54 in file
		'/home/IC/System/rtl/RX_FSM.v'.
===============================================================================
|    Register Name    |   Type    | Width | Bus | MB | AR | AS | SR | SS | ST |
===============================================================================
|  current_state_reg  | Flip-flop |   3   |  Y  | N  | Y  | N  | N  | N  | N  |
===============================================================================
Presto compilation completed successfully.
Current design is now '/home/IC/System/rtl/RX_FSM.db:RX_FSM'
Loaded 1 design.
Current design is 'RX_FSM'.
RX_FSM
read_file -format verilog stop_check.v
Loading verilog file '/home/IC/System/rtl/stop_check.v'
Detecting input file type automatically (-rtl or -netlist).
Reading with Presto HDL Compiler (equivalent to -rtl option).
Running PRESTO HDLC
Compiling source file /home/IC/System/rtl/stop_check.v
Presto compilation completed successfully.
Current design is now '/home/IC/System/rtl/stop_check.db:stop_check'
Loaded 1 design.
Current design is 'stop_check'.
stop_check
read_file -format verilog strt_check.v
Loading verilog file '/home/IC/System/rtl/strt_check.v'
Detecting input file type automatically (-rtl or -netlist).
Reading with Presto HDL Compiler (equivalent to -rtl option).
Running PRESTO HDLC
Compiling source file /home/IC/System/rtl/strt_check.v
Presto compilation completed successfully.
Current design is now '/home/IC/System/rtl/strt_check.db:strt_check'
Loaded 1 design.
Current design is 'strt_check'.
strt_check
read_file -format verilog UART_RX.v
Loading verilog file '/home/IC/System/rtl/UART_RX.v'
Detecting input file type automatically (-rtl or -netlist).
Reading with Presto HDL Compiler (equivalent to -rtl option).
Running PRESTO HDLC
Compiling source file /home/IC/System/rtl/UART_RX.v
Presto compilation completed successfully.
Current design is now '/home/IC/System/rtl/UART_RX.db:UART_RX'
Loaded 1 design.
Current design is 'UART_RX'.
UART_RX
read_file -format verilog FSM.v
Loading verilog file '/home/IC/System/rtl/FSM.v'
Detecting input file type automatically (-rtl or -netlist).
Reading with Presto HDL Compiler (equivalent to -rtl option).
Running PRESTO HDLC
Compiling source file /home/IC/System/rtl/FSM.v

Statistics for case statements in always block at line 69 in file
	'/home/IC/System/rtl/FSM.v'
===============================================
|           Line           |  full/ parallel  |
===============================================
|            79            |    auto/auto     |
===============================================

Inferred memory devices in process
	in routine FSM line 39 in file
		'/home/IC/System/rtl/FSM.v'.
===============================================================================
|    Register Name    |   Type    | Width | Bus | MB | AR | AS | SR | SS | ST |
===============================================================================
|  current_state_reg  | Flip-flop |   3   |  Y  | N  | Y  | N  | N  | N  | N  |
===============================================================================

Inferred memory devices in process
	in routine FSM line 54 in file
		'/home/IC/System/rtl/FSM.v'.
===============================================================================
|    Register Name    |   Type    | Width | Bus | MB | AR | AS | SR | SS | ST |
===============================================================================
|      busy_reg       | Flip-flop |   1   |  N  | N  | Y  | N  | N  | N  | N  |
===============================================================================
Presto compilation completed successfully.
Current design is now '/home/IC/System/rtl/FSM.db:FSM'
Loaded 1 design.
Current design is 'FSM'.
FSM
read_file -format verilog MUX.v
Loading verilog file '/home/IC/System/rtl/MUX.v'
Detecting input file type automatically (-rtl or -netlist).
Reading with Presto HDL Compiler (equivalent to -rtl option).
Running PRESTO HDLC
Compiling source file /home/IC/System/rtl/MUX.v

Statistics for case statements in always block at line 33 in file
	'/home/IC/System/rtl/MUX.v'
===============================================
|           Line           |  full/ parallel  |
===============================================
|            35            |    auto/auto     |
===============================================

Inferred memory devices in process
	in routine MUX line 56 in file
		'/home/IC/System/rtl/MUX.v'.
===============================================================================
|    Register Name    |   Type    | Width | Bus | MB | AR | AS | SR | SS | ST |
===============================================================================
|     TX_OUT_reg      | Flip-flop |   1   |  N  | N  | Y  | N  | N  | N  | N  |
===============================================================================
Presto compilation completed successfully.
Current design is now '/home/IC/System/rtl/MUX.db:MUX'
Loaded 1 design.
Current design is 'MUX'.
MUX
read_file -format verilog Parity_Calc.v
Loading verilog file '/home/IC/System/rtl/Parity_Calc.v'
Detecting input file type automatically (-rtl or -netlist).
Reading with Presto HDL Compiler (equivalent to -rtl option).
Running PRESTO HDLC
Compiling source file /home/IC/System/rtl/Parity_Calc.v

Statistics for case statements in always block at line 54 in file
	'/home/IC/System/rtl/Parity_Calc.v'
===============================================
|           Line           |  full/ parallel  |
===============================================
|            63            |    auto/auto     |
===============================================

Inferred memory devices in process
	in routine Parity_Calc line 39 in file
		'/home/IC/System/rtl/Parity_Calc.v'.
===============================================================================
|    Register Name    |   Type    | Width | Bus | MB | AR | AS | SR | SS | ST |
===============================================================================
|   input_data_reg    | Flip-flop |   8   |  Y  | N  | Y  | N  | N  | N  | N  |
===============================================================================

Inferred memory devices in process
	in routine Parity_Calc line 54 in file
		'/home/IC/System/rtl/Parity_Calc.v'.
===============================================================================
|    Register Name    |   Type    | Width | Bus | MB | AR | AS | SR | SS | ST |
===============================================================================
|     par_bit_reg     | Flip-flop |   1   |  N  | N  | Y  | N  | N  | N  | N  |
===============================================================================
Presto compilation completed successfully.
Current design is now '/home/IC/System/rtl/Parity_Calc.db:Parity_Calc'
Loaded 1 design.
Current design is 'Parity_Calc'.
Parity_Calc
read_file -format verilog serializer.v
Loading verilog file '/home/IC/System/rtl/serializer.v'
Detecting input file type automatically (-rtl or -netlist).
Reading with Presto HDL Compiler (equivalent to -rtl option).
Running PRESTO HDLC
Compiling source file /home/IC/System/rtl/serializer.v

Inferred memory devices in process
	in routine serializer line 43 in file
		'/home/IC/System/rtl/serializer.v'.
===============================================================================
|    Register Name    |   Type    | Width | Bus | MB | AR | AS | SR | SS | ST |
===============================================================================
|   input_data_reg    | Flip-flop |   8   |  Y  | N  | Y  | N  | N  | N  | N  |
===============================================================================

Inferred memory devices in process
	in routine serializer line 60 in file
		'/home/IC/System/rtl/serializer.v'.
===============================================================================
|    Register Name    |   Type    | Width | Bus | MB | AR | AS | SR | SS | ST |
===============================================================================
|     Counter_reg     | Flip-flop |   3   |  Y  | N  | Y  | N  | N  | N  | N  |
===============================================================================
Presto compilation completed successfully.
Current design is now '/home/IC/System/rtl/serializer.db:serializer'
Loaded 1 design.
Current design is 'serializer'.
serializer
read_file -format verilog UART_TX.v
Loading verilog file '/home/IC/System/rtl/UART_TX.v'
Detecting input file type automatically (-rtl or -netlist).
Reading with Presto HDL Compiler (equivalent to -rtl option).
Running PRESTO HDLC
Compiling source file /home/IC/System/rtl/UART_TX.v
Presto compilation completed successfully.
Current design is now '/home/IC/System/rtl/UART_TX.db:UART_TX'
Loaded 1 design.
Current design is 'UART_TX'.
UART_TX
read_file -format verilog UART.v
Loading verilog file '/home/IC/System/rtl/UART.v'
Detecting input file type automatically (-rtl or -netlist).
Reading with Presto HDL Compiler (equivalent to -rtl option).
Running PRESTO HDLC
Compiling source file /home/IC/System/rtl/UART.v
Presto compilation completed successfully.
Current design is now '/home/IC/System/rtl/UART.db:UART'
Loaded 1 design.
Current design is 'UART'.
UART
read_file -format verilog mux2X1.v
Loading verilog file '/home/IC/System/rtl/mux2X1.v'
Detecting input file type automatically (-rtl or -netlist).
Reading with Presto HDL Compiler (equivalent to -rtl option).
Running PRESTO HDLC
Compiling source file /home/IC/System/rtl/mux2X1.v
Presto compilation completed successfully.
Current design is now '/home/IC/System/rtl/mux2X1.db:mux2X1'
Loaded 1 design.
Current design is 'mux2X1'.
mux2X1
read_file -format verilog SYS_TOP.v
Loading verilog file '/home/IC/System/rtl/SYS_TOP.v'
Detecting input file type automatically (-rtl or -netlist).
Reading with Presto HDL Compiler (equivalent to -rtl option).
Running PRESTO HDLC
Compiling source file /home/IC/System/rtl/SYS_TOP.v
Presto compilation completed successfully.
Current design is now '/home/IC/System/rtl/SYS_TOP.db:SYS_TOP'
Loaded 1 design.
Current design is 'SYS_TOP'.
SYS_TOP
###################### Defining toplevel ###################################
current_design $top_module
Current design is 'SYS_TOP'.
{SYS_TOP}
#################### Liniking All The Design Parts #########################
puts "###############################################"
###############################################
puts "######## Liniking All The Design Parts ########"
######## Liniking All The Design Parts ########
puts "###############################################"
###############################################
link 

  Linking design 'SYS_TOP'
  Using the following designs and libraries:
  --------------------------------------------------------------------------
  * (27 designs)              /home/IC/System/rtl/SYS_TOP.db, etc
  scmetro_tsmc_cl013g_rvt_ss_1p08v_125c (library) /home/IC/System/std_cells/libs/scmetro_tsmc_cl013g_rvt_ss_1p08v_125c.db
  scmetro_tsmc_cl013g_rvt_tt_1p2v_25c (library) /home/IC/System/std_cells/libs/scmetro_tsmc_cl013g_rvt_tt_1p2v_25c.db
  scmetro_tsmc_cl013g_rvt_ff_1p32v_m40c (library) /home/IC/System/std_cells/libs/scmetro_tsmc_cl013g_rvt_ff_1p32v_m40c.db

1
#################### Liniking All The Design Parts #########################
puts "###############################################"
###############################################
puts "######## checking design consistency ##########"
######## checking design consistency ##########
puts "###############################################"
###############################################
check_design
 
****************************************
check_design summary:
Version:     K-2015.06
Date:        Sat Oct 15 02:44:10 2022
****************************************

                   Name                                            Total
--------------------------------------------------------------------------------
Inputs/Outputs                                                     11
    Unconnected ports (LINT-28)                                    10
    Constant outputs (LINT-52)                                      1

Cells                                                              12
    Cells do not drive (LINT-1)                                    12

Nets                                                                5
    Unloaded nets (LINT-2)                                          5
--------------------------------------------------------------------------------

Warning: In design 'ClkDiv', cell 'C99' does not drive any nets. (LINT-1)
Warning: In design 'ALU', cell 'C332' does not drive any nets. (LINT-1)
Warning: In design 'ALU', cell 'C333' does not drive any nets. (LINT-1)
Warning: In design 'ALU', cell 'C334' does not drive any nets. (LINT-1)
Warning: In design 'ALU', cell 'C335' does not drive any nets. (LINT-1)
Warning: In design 'ALU', cell 'C368' does not drive any nets. (LINT-1)
Warning: In design 'ALU', cell 'C370' does not drive any nets. (LINT-1)
Warning: In design 'ALU', cell 'C372' does not drive any nets. (LINT-1)
Warning: In design 'data_sampling', cell 'B_1' does not drive any nets. (LINT-1)
Warning: In design 'edge_bit_counter', cell 'B_5' does not drive any nets. (LINT-1)
Warning: In design 'edge_bit_counter', cell 'B_6' does not drive any nets. (LINT-1)
Warning: In design 'serializer', cell 'C126' does not drive any nets. (LINT-1)
Warning: In design 'SYS_TOP', net 'REG3[4]' driven by pin 'RegFile_I0/REG3[4]' has no loads. (LINT-2)
Warning: In design 'SYS_TOP', net 'REG3[5]' driven by pin 'RegFile_I0/REG3[5]' has no loads. (LINT-2)
Warning: In design 'SYS_TOP', net 'REG3[6]' driven by pin 'RegFile_I0/REG3[6]' has no loads. (LINT-2)
Warning: In design 'SYS_TOP', net 'REG3[7]' driven by pin 'RegFile_I0/REG3[7]' has no loads. (LINT-2)
Warning: In design 'SYS_TOP', net 'REG2[7]' driven by pin 'RegFile_I0/REG2[7]' has no loads. (LINT-2)
Warning: In design 'SYS_TOP', port 'SE' is not connected to any nets. (LINT-28)
Warning: In design 'SYS_TOP', port 'SI[2]' is not connected to any nets. (LINT-28)
Warning: In design 'SYS_TOP', port 'SI[1]' is not connected to any nets. (LINT-28)
Warning: In design 'SYS_TOP', port 'SI[0]' is not connected to any nets. (LINT-28)
Warning: In design 'SYS_TOP', port 'SO[2]' is not connected to any nets. (LINT-28)
Warning: In design 'SYS_TOP', port 'SO[1]' is not connected to any nets. (LINT-28)
Warning: In design 'SYS_TOP', port 'SO[0]' is not connected to any nets. (LINT-28)
Warning: In design 'data_sampling', port 'Prescale[0]' is not connected to any nets. (LINT-28)
Warning: In design 'serializer', port 'Busy' is not connected to any nets. (LINT-28)
Warning: In design 'Parity_Calc', port 'Busy' is not connected to any nets. (LINT-28)
Warning: In design 'SYS_CTRL_TX', output port 'clk_div_en' is connected directly to 'logic 1'. (LINT-52)
1
#################### Define Design Constraints #########################
puts "###############################################"
###############################################
puts "############ Design Constraints #### ##########"
############ Design Constraints #### ##########
puts "###############################################"
###############################################
source ./cons.tcl
Warning: Design rule attributes from the driving cell will be
	set on the port. (UID-401)
Using operating conditions 'scmetro_tsmc_cl013g_rvt_ss_1p08v_125c' found in library 'scmetro_tsmc_cl013g_rvt_ss_1p08v_125c'.
Using operating conditions 'scmetro_tsmc_cl013g_rvt_ff_1p32v_m40c' found in library 'scmetro_tsmc_cl013g_rvt_ff_1p32v_m40c'.
#################### Archirecture Scan Chains #########################
puts "###############################################"
###############################################
puts "############ Configure scan chains ############"
############ Configure scan chains ############
puts "###############################################"
###############################################
###################### Mapping and optimization ########################
puts "###############################################"
###############################################
puts "########## Mapping & Optimization #############"
########## Mapping & Optimization #############
puts "###############################################"
###############################################
set_scan_configuration -clock_mixing no_mix -style multiplexed_flip_flop -replace true -max_length 100
Accepted scan configuration for modes: all_dft
1
compile -scan 
Information: Choosing a test methodology will restrict the optimization of sequential cells. (UIO-12)
Information: Evaluating DesignWare library utilization. (UISN-27)

============================================================================
| DesignWare Building Block Library  |         Version         | Available |
============================================================================
| Basic DW Building Blocks           | K-2015.06-DWBB_201506.0 |     *     |
| Licensed DW Building Blocks        |                         |           |
============================================================================


Information: There are 28 potential problems in your design. Please run 'check_design' for more information. (LINT-99)


Warning: Operating condition scmetro_tsmc_cl013g_rvt_ss_1p08v_125c set on design SYS_TOP has different process,
voltage and temperatures parameters than the parameters at which target library 
scmetro_tsmc_cl013g_rvt_tt_1p2v_25c is characterized. Delays may be inaccurate as a result. (OPT-998)

  Beginning Pass 1 Mapping
  ------------------------
  Processing 'mux2X1_0'
  Processing 'Parity_Calc'
  Processing 'MUX'
  Processing 'FSM'
  Processing 'serializer'
  Processing 'UART_TX'
  Processing 'RX_FSM'
  Processing 'edge_bit_counter'
  Processing 'data_sampling'
  Processing 'stop_check'
  Processing 'parity_check'
  Processing 'strt_check'
  Processing 'deserializer'
  Processing 'UART_RX'
  Processing 'UART'
  Processing 'ALU'
  Processing 'SYS_CTRL_TX'
  Processing 'SYS_CTRL_RX'
  Processing 'SYS_CTRL'
  Processing 'RST_SYNC_0'
  Processing 'Multi_Flip_Flop_0'
  Processing 'DATA_SYNC_0'
  Processing 'BIT_SYNC'
  Processing 'Clock_Gating'
  Processing 'ClkDiv'
  Processing 'RegFile'
  Processing 'SYS_TOP'

  Updating timing information
Information: Updating design information... (UID-85)

  Beginning Implementation Selection
  ----------------------------------
  Processing 'ALU_DW_div_uns_0'
  Processing 'ALU_DW01_sub_0'
  Processing 'ALU_DW01_add_0'
  Processing 'ALU_DW01_cmp6_0'
  Processing 'ClkDiv_DW01_cmp6_0'
  Processing 'ClkDiv_DW01_cmp6_1'
  Processing 'ALU_DW02_mult_0'
  Processing 'ALU_DW01_add_1'

  Beginning Mapping Optimizations  (Medium effort)
  -------------------------------
  Mapping Optimization (Phase 1)

                                  TOTAL                                      
   ELAPSED            WORST NEG   SETUP    DESIGN                            
    TIME      AREA      SLACK     COST    RULE COST         ENDPOINT         
  --------- --------- --------- --------- --------- -------------------------
    0:00:04   36746.0      0.00       0.0       0.9                          
    0:00:04   36746.0      0.00       0.0       0.9                          
    0:00:04   36746.0      0.00       0.0       0.9                          
    0:00:04   36746.0      0.00       0.0       0.9                          
    0:00:04   36746.0      0.00       0.0       0.9                          
    0:00:05   18638.9      0.00       0.0       0.6                          
    0:00:05   18621.3      0.00       0.0       0.6                          
    0:00:05   18621.3      0.00       0.0       0.6                          
    0:00:05   18621.3      0.00       0.0       0.6                          
    0:00:05   18611.9      0.00       0.0       0.6                          
    0:00:05   18611.9      0.00       0.0       0.6                          
    0:00:05   18595.4      0.00       0.0       0.0                          
    0:00:05   18595.4      0.00       0.0       0.0                          
    0:00:05   18595.4      0.00       0.0       0.0                          
    0:00:05   18595.4      0.00       0.0       0.0                          



  Beginning Delay Optimization Phase
  ----------------------------------

                                  TOTAL                                      
   ELAPSED            WORST NEG   SETUP    DESIGN                            
    TIME      AREA      SLACK     COST    RULE COST         ENDPOINT         
  --------- --------- --------- --------- --------- -------------------------
    0:00:05   18595.4      0.00       0.0       0.0                          
    0:00:05   18595.4      0.00       0.0       0.0                          
    0:00:06   18583.6      0.00       0.0       3.5                          


  Beginning Design Rule Fixing  (max_transition)  (max_capacitance)
  ----------------------------

                                  TOTAL                                      
   ELAPSED            WORST NEG   SETUP    DESIGN                            
    TIME      AREA      SLACK     COST    RULE COST         ENDPOINT         
  --------- --------- --------- --------- --------- -------------------------
    0:00:06   18583.6      0.00       0.0       3.5                          
    0:00:06   18593.0      0.00       0.0       0.0                          


  Beginning Area-Recovery Phase  (cleanup)
  -----------------------------

                                  TOTAL                                      
   ELAPSED            WORST NEG   SETUP    DESIGN                            
    TIME      AREA      SLACK     COST    RULE COST         ENDPOINT         
  --------- --------- --------- --------- --------- -------------------------
    0:00:06   18593.0      0.00       0.0       0.0                          
    0:00:06   18593.0      0.00       0.0       0.0                          
    0:00:06   18529.5      0.00       0.0       0.0                          
    0:00:06   18515.4      0.00       0.0       0.0                          
    0:00:06   18504.8      0.00       0.0       0.0                          
    0:00:06   18489.5      0.00       0.0       0.0                          
    0:00:06   18486.0      0.00       0.0       0.0                          
    0:00:06   18486.0      0.00       0.0       0.0                          
    0:00:06   18486.0      0.00       0.0       0.0                          
    0:00:06   18481.3      0.00       0.0       0.0                          
    0:00:06   18481.3      0.00       0.0       0.0                          
    0:00:06   18481.3      0.00       0.0       0.0                          
    0:00:06   18481.3      0.00       0.0       0.0                          
    0:00:06   18481.3      0.00       0.0       0.0                          
    0:00:06   18481.3      0.00       0.0       0.0                          
    0:00:06   18488.3      0.00       0.0       0.0                          
Loading db file '/home/IC/System/std_cells/libs/scmetro_tsmc_cl013g_rvt_ss_1p08v_125c.db'
Loading db file '/home/IC/System/std_cells/libs/scmetro_tsmc_cl013g_rvt_tt_1p2v_25c.db'
Loading db file '/home/IC/System/std_cells/libs/scmetro_tsmc_cl013g_rvt_ff_1p32v_m40c.db'


Note: Symbol # after min delay cost means estimated hold TNS across all active scenarios 


  Optimization Complete
  ---------------------
1
# Preclock Measure Protocol (default protocol)
set test_default_period 100
100
set test_default_delay 0
0
set test_default_bidir_delay 0
0
set test_default_strobe 20
20
set test_default_strobe_width 0
0
########################## Define DFT Signals ##########################
set_dft_signal -port [get_ports scan_clk] -type ScanClock -view existing_dft -timing {30 60}
Accepted dft signal specification for modes: all_dft
1
set_dft_signal -port [get_ports scan_rst] -type Reset -view existing_dft -active_state 0
Accepted dft signal specification for modes: all_dft
1
set_dft_signal -port [get_ports test_mode] -type Constant -view existing_dft -active_state 1
Accepted dft signal specification for modes: all_dft
1
set_dft_signal -port [get_ports test_mode] -type TestMode -view spec -active_state 1
Accepted dft signal specification for modes: all_dft
1
set_dft_signal -port [get_ports SE] -type ScanEnable -view spec -active_state 1 -usage scan
Accepted dft signal specification for modes: all_dft
1
set_dft_signal -port [get_ports SI] -type ScanDataIn -view spec 
Accepted dft signal specification for modes: all_dft
1
set_dft_signal -port [get_ports SO] -type ScanDataOut -view spec 
Accepted dft signal specification for modes: all_dft
1
############################# Create Test Protocol #####################
create_test_protocol
In mode: all_dft...

Information: Starting test protocol creation. (TEST-219)
  ...reading user specified clock signals...
Information: Identified system/test clock port scan_clk (30.0,60.0). (TEST-265)
  ...reading user specified asynchronous signals...
Information: Identified active low asynchronous control port scan_rst. (TEST-266)
1
###################### Pre-DFT Design Rule Checking ####################
dft_drc -verbose
In mode: all_dft...
  Pre-DFT DRC enabled

Information: Starting test design rule checking. (TEST-222)
  Loading test protocol
  ...basic checks...
  ...basic sequential cell checks...
  	...checking for scan equivalents...
  ...checking vector rules...
  ...checking pre-dft rules...

-----------------------------------------------------------------
  DRC Report

  Total violations: 0

-----------------------------------------------------------------


Test Design rule checking did not find violations

-----------------------------------------------------------------
  Sequential Cell Report

  1 out of 252 sequential cells have violations

-----------------------------------------------------------------

SEQUENTIAL CELLS WITH VIOLATIONS
      *   1 cell is a clock gating cell
         Clock_Gating_I0/TLATNCAX8M_I0
SEQUENTIAL CELLS WITHOUT VIOLATIONS
      * 251 cells are valid scan cells
         RegFile_I0/RdData_reg[7]
         RegFile_I0/RdData_reg[6]
         RegFile_I0/RdData_reg[5]
         RegFile_I0/RdData_reg[4]
         RegFile_I0/RdData_reg[3]
         RegFile_I0/RdData_reg[2]
         RegFile_I0/RdData_reg[1]
         RegFile_I0/RdData_reg[0]
         RegFile_I0/MEM_reg[13][7]
         RegFile_I0/MEM_reg[13][6]
         RegFile_I0/MEM_reg[13][5]
         RegFile_I0/MEM_reg[13][4]
         RegFile_I0/MEM_reg[13][3]
         RegFile_I0/MEM_reg[13][2]
         RegFile_I0/MEM_reg[13][1]
         RegFile_I0/MEM_reg[13][0]
         RegFile_I0/MEM_reg[9][7]
         RegFile_I0/MEM_reg[9][6]
         RegFile_I0/MEM_reg[9][5]
         RegFile_I0/MEM_reg[9][4]
         RegFile_I0/MEM_reg[9][3]
         RegFile_I0/MEM_reg[9][2]
         RegFile_I0/MEM_reg[9][1]
         RegFile_I0/MEM_reg[9][0]
         RegFile_I0/MEM_reg[5][7]
         RegFile_I0/MEM_reg[5][6]
         RegFile_I0/MEM_reg[5][5]
         RegFile_I0/MEM_reg[5][4]
         RegFile_I0/MEM_reg[5][3]
         RegFile_I0/MEM_reg[5][2]
         RegFile_I0/MEM_reg[5][1]
         RegFile_I0/MEM_reg[5][0]
         RegFile_I0/MEM_reg[15][7]
         RegFile_I0/MEM_reg[15][6]
         RegFile_I0/MEM_reg[15][5]
         RegFile_I0/MEM_reg[15][4]
         RegFile_I0/MEM_reg[15][3]
         RegFile_I0/MEM_reg[15][2]
         RegFile_I0/MEM_reg[15][1]
         RegFile_I0/MEM_reg[15][0]
         RegFile_I0/MEM_reg[11][7]
         RegFile_I0/MEM_reg[11][6]
         RegFile_I0/MEM_reg[11][5]
         RegFile_I0/MEM_reg[11][4]
         RegFile_I0/MEM_reg[11][3]
         RegFile_I0/MEM_reg[11][2]
         RegFile_I0/MEM_reg[11][1]
         RegFile_I0/MEM_reg[11][0]
         RegFile_I0/MEM_reg[7][7]
         RegFile_I0/MEM_reg[7][6]
         RegFile_I0/MEM_reg[7][5]
         RegFile_I0/MEM_reg[7][4]
         RegFile_I0/MEM_reg[7][3]
         RegFile_I0/MEM_reg[7][2]
         RegFile_I0/MEM_reg[7][1]
         RegFile_I0/MEM_reg[7][0]
         RegFile_I0/MEM_reg[3][7]
         RegFile_I0/MEM_reg[3][6]
         RegFile_I0/MEM_reg[3][5]
         RegFile_I0/MEM_reg[3][4]
         RegFile_I0/MEM_reg[14][7]
         RegFile_I0/MEM_reg[14][6]
         RegFile_I0/MEM_reg[14][5]
         RegFile_I0/MEM_reg[14][4]
         RegFile_I0/MEM_reg[14][3]
         RegFile_I0/MEM_reg[14][2]
         RegFile_I0/MEM_reg[14][1]
         RegFile_I0/MEM_reg[14][0]
         RegFile_I0/MEM_reg[10][7]
         RegFile_I0/MEM_reg[10][6]
         RegFile_I0/MEM_reg[10][5]
         RegFile_I0/MEM_reg[10][4]
         RegFile_I0/MEM_reg[10][3]
         RegFile_I0/MEM_reg[10][2]
         RegFile_I0/MEM_reg[10][1]
         RegFile_I0/MEM_reg[10][0]
         RegFile_I0/MEM_reg[6][7]
         RegFile_I0/MEM_reg[6][6]
         RegFile_I0/MEM_reg[6][5]
         RegFile_I0/MEM_reg[6][4]
         RegFile_I0/MEM_reg[6][3]
         RegFile_I0/MEM_reg[6][2]
         RegFile_I0/MEM_reg[6][1]
         RegFile_I0/MEM_reg[6][0]
         RegFile_I0/MEM_reg[2][7]
         RegFile_I0/MEM_reg[2][2]
         RegFile_I0/MEM_reg[12][7]
         RegFile_I0/MEM_reg[12][6]
         RegFile_I0/MEM_reg[12][5]
         RegFile_I0/MEM_reg[12][4]
         RegFile_I0/MEM_reg[12][3]
         RegFile_I0/MEM_reg[12][2]
         RegFile_I0/MEM_reg[12][1]
         RegFile_I0/MEM_reg[12][0]
         RegFile_I0/MEM_reg[8][7]
         RegFile_I0/MEM_reg[8][6]
         RegFile_I0/MEM_reg[8][5]
         RegFile_I0/MEM_reg[8][4]
         RegFile_I0/MEM_reg[8][3]
         RegFile_I0/MEM_reg[8][2]
         RegFile_I0/MEM_reg[8][1]
         RegFile_I0/MEM_reg[8][0]
         RegFile_I0/MEM_reg[4][7]
         RegFile_I0/MEM_reg[4][6]
         RegFile_I0/MEM_reg[4][5]
         RegFile_I0/MEM_reg[4][4]
         RegFile_I0/MEM_reg[4][3]
         RegFile_I0/MEM_reg[4][2]
         RegFile_I0/MEM_reg[4][1]
         RegFile_I0/MEM_reg[4][0]
         RegFile_I0/MEM_reg[2][1]
         RegFile_I0/MEM_reg[2][6]
         RegFile_I0/RdData_Valid_reg
         RegFile_I0/MEM_reg[3][3]
         RegFile_I0/MEM_reg[2][4]
         RegFile_I0/MEM_reg[2][0]
         RegFile_I0/MEM_reg[3][0]
         RegFile_I0/MEM_reg[3][2]
         RegFile_I0/MEM_reg[3][1]
         RegFile_I0/MEM_reg[2][3]
         RegFile_I0/MEM_reg[0][1]
         RegFile_I0/MEM_reg[0][0]
         RegFile_I0/MEM_reg[0][2]
         RegFile_I0/MEM_reg[0][3]
         RegFile_I0/MEM_reg[0][4]
         RegFile_I0/MEM_reg[0][5]
         RegFile_I0/MEM_reg[0][6]
         RegFile_I0/MEM_reg[1][6]
         RegFile_I0/MEM_reg[0][7]
         RegFile_I0/MEM_reg[1][1]
         RegFile_I0/MEM_reg[1][5]
         RegFile_I0/MEM_reg[1][4]
         RegFile_I0/MEM_reg[1][7]
         RegFile_I0/MEM_reg[1][3]
         RegFile_I0/MEM_reg[1][2]
         RegFile_I0/MEM_reg[1][0]
         RegFile_I0/MEM_reg[2][5]
         ClkDiv_I0/o_div_clk_reg
         ClkDiv_I0/counter_reg[3]
         ClkDiv_I0/Flag_reg
         ClkDiv_I0/counter_reg[1]
         ClkDiv_I0/counter_reg[2]
         ClkDiv_I0/counter_reg[0]
         BIT_SYNC_I0/SYNC_reg[0]
         BIT_SYNC_I0/Sync_flops_reg[0][0]
         DATA_SYNC_I0/pulse_Gen_Q_reg
         DATA_SYNC_I0/sync_bus_reg[7]
         DATA_SYNC_I0/sync_bus_reg[3]
         DATA_SYNC_I0/sync_bus_reg[5]
         DATA_SYNC_I0/sync_bus_reg[6]
         DATA_SYNC_I0/sync_bus_reg[0]
         DATA_SYNC_I0/sync_bus_reg[1]
         DATA_SYNC_I0/sync_bus_reg[4]
         DATA_SYNC_I0/sync_bus_reg[2]
         DATA_SYNC_I0/enable_pulse_reg
         RST_SYNC_I0/Sync_flops_reg[0]
         RST_SYNC_I0/SYNC_RST_reg
         ALU_I0/ALU_OUT_reg[7]
         ALU_I0/ALU_OUT_reg[6]
         ALU_I0/ALU_OUT_reg[4]
         ALU_I0/ALU_OUT_reg[3]
         ALU_I0/ALU_OUT_reg[2]
         ALU_I0/ALU_OUT_reg[1]
         ALU_I0/ALU_OUT_reg[0]
         ALU_I0/ALU_OUT_reg[15]
         ALU_I0/ALU_OUT_reg[14]
         ALU_I0/ALU_OUT_reg[13]
         ALU_I0/ALU_OUT_reg[12]
         ALU_I0/ALU_OUT_reg[11]
         ALU_I0/ALU_OUT_reg[10]
         ALU_I0/ALU_OUT_reg[9]
         ALU_I0/ALU_OUT_reg[8]
         ALU_I0/ALU_OUT_reg[5]
         DATA_SYNC_I0/MultiFlipFlop/SYNC_reg[0]
         DATA_SYNC_I0/MultiFlipFlop/Sync_flops_reg[0][0]
         SYS_CTRL_I0/SYS_CTRL_RX_I0/Address_reg[2]
         SYS_CTRL_I0/SYS_CTRL_RX_I0/Address_reg[3]
         SYS_CTRL_I0/SYS_CTRL_RX_I0/Address_reg[1]
         SYS_CTRL_I0/SYS_CTRL_RX_I0/ALU_FUN_reg[3]
         SYS_CTRL_I0/SYS_CTRL_RX_I0/Address_reg[0]
         SYS_CTRL_I0/SYS_CTRL_RX_I0/current_state_reg[0]
         SYS_CTRL_I0/SYS_CTRL_RX_I0/current_state_reg[3]
         SYS_CTRL_I0/SYS_CTRL_RX_I0/ALU_FUN_reg[1]
         SYS_CTRL_I0/SYS_CTRL_RX_I0/current_state_reg[1]
         SYS_CTRL_I0/SYS_CTRL_RX_I0/ALU_FUN_reg[0]
         SYS_CTRL_I0/SYS_CTRL_RX_I0/current_state_reg[2]
         SYS_CTRL_I0/SYS_CTRL_RX_I0/ALU_FUN_reg[2]
         SYS_CTRL_I0/SYS_CTRL_TX_I0/current_state_reg[1]
         SYS_CTRL_I0/SYS_CTRL_TX_I0/current_state_reg[0]
         SYS_CTRL_I0/SYS_CTRL_TX_I0/current_state_reg[2]
         UART_I0/UART_RX_I0/deserializer_I/P_DATA_reg[0]
         UART_I0/UART_RX_I0/deserializer_I/P_DATA_reg[5]
         UART_I0/UART_RX_I0/deserializer_I/P_DATA_reg[1]
         UART_I0/UART_RX_I0/deserializer_I/P_DATA_reg[4]
         UART_I0/UART_RX_I0/deserializer_I/P_DATA_reg[7]
         UART_I0/UART_RX_I0/deserializer_I/P_DATA_reg[3]
         UART_I0/UART_RX_I0/deserializer_I/P_DATA_reg[6]
         UART_I0/UART_RX_I0/deserializer_I/P_DATA_reg[2]
         UART_I0/UART_RX_I0/data_sampling_I/sample_bit_3_reg
         UART_I0/UART_RX_I0/data_sampling_I/sample_bit_1_reg
         UART_I0/UART_RX_I0/data_sampling_I/sample_bit_2_reg
         UART_I0/UART_RX_I0/data_sampling_I/sampled_bit_reg
         UART_I0/UART_RX_I0/edge_bit_counter_I/bit_cnt_reg[3]
         UART_I0/UART_RX_I0/edge_bit_counter_I/bit_cnt_reg[2]
         UART_I0/UART_RX_I0/edge_bit_counter_I/bit_cnt_reg[0]
         UART_I0/UART_RX_I0/edge_bit_counter_I/edge_cnt_reg[1]
         UART_I0/UART_RX_I0/edge_bit_counter_I/edge_cnt_reg[0]
         UART_I0/UART_RX_I0/edge_bit_counter_I/bit_cnt_reg[1]
         UART_I0/UART_RX_I0/edge_bit_counter_I/edge_cnt_reg[2]
         UART_I0/UART_RX_I0/RX_FSM/current_state_reg[2]
         UART_I0/UART_RX_I0/RX_FSM/current_state_reg[0]
         UART_I0/UART_RX_I0/RX_FSM/current_state_reg[1]
         UART_I0/UART_TX_I0/serializer_I/input_data_reg[6]
         UART_I0/UART_TX_I0/serializer_I/input_data_reg[5]
         UART_I0/UART_TX_I0/serializer_I/input_data_reg[4]
         UART_I0/UART_TX_I0/serializer_I/input_data_reg[3]
         UART_I0/UART_TX_I0/serializer_I/input_data_reg[2]
         UART_I0/UART_TX_I0/serializer_I/input_data_reg[1]
         UART_I0/UART_TX_I0/serializer_I/input_data_reg[7]
         UART_I0/UART_TX_I0/serializer_I/input_data_reg[0]
         UART_I0/UART_TX_I0/serializer_I/Counter_reg[1]
         UART_I0/UART_TX_I0/serializer_I/Counter_reg[0]
         UART_I0/UART_TX_I0/serializer_I/Counter_reg[2]
         UART_I0/UART_TX_I0/FSM_I/current_state_reg[2]
         UART_I0/UART_TX_I0/FSM_I/current_state_reg[1]
         UART_I0/UART_TX_I0/FSM_I/busy_reg
         UART_I0/UART_TX_I0/FSM_I/current_state_reg[0]
         UART_I0/UART_TX_I0/MUX_I/TX_OUT_reg
         UART_I0/UART_TX_I0/Parity_Calc_I/input_data_reg[5]
         UART_I0/UART_TX_I0/Parity_Calc_I/input_data_reg[1]
         UART_I0/UART_TX_I0/Parity_Calc_I/input_data_reg[4]
         UART_I0/UART_TX_I0/Parity_Calc_I/input_data_reg[0]
         UART_I0/UART_TX_I0/Parity_Calc_I/par_bit_reg
         UART_I0/UART_TX_I0/Parity_Calc_I/input_data_reg[6]
         UART_I0/UART_TX_I0/Parity_Calc_I/input_data_reg[2]
         UART_I0/UART_TX_I0/Parity_Calc_I/input_data_reg[7]
         UART_I0/UART_TX_I0/Parity_Calc_I/input_data_reg[3]
         DATA_SYNC_I1/pulse_Gen_Q_reg
         DATA_SYNC_I1/sync_bus_reg[7]
         DATA_SYNC_I1/sync_bus_reg[6]
         DATA_SYNC_I1/sync_bus_reg[5]
         DATA_SYNC_I1/sync_bus_reg[4]
         DATA_SYNC_I1/sync_bus_reg[3]
         DATA_SYNC_I1/sync_bus_reg[2]
         DATA_SYNC_I1/sync_bus_reg[1]
         DATA_SYNC_I1/sync_bus_reg[0]
         DATA_SYNC_I1/enable_pulse_reg
         DATA_SYNC_I1/MultiFlipFlop/SYNC_reg[0]
         DATA_SYNC_I1/MultiFlipFlop/Sync_flops_reg[0][0]
         RST_SYNC_I1/Sync_flops_reg[0]
         RST_SYNC_I1/SYNC_RST_reg

Information: Test design rule checking completed. (TEST-123)
1
############################# Preview DFT ##############################
preview_dft -show scan_summary
  Information: Using test design rule information from previous dft_drc run.
  Architecting Scan Chains

****************************************
Preview_dft report
For    : 'Insert_dft' command
Design : SYS_TOP
Version: K-2015.06
Date   : Sat Oct 15 02:44:30 2022
****************************************

Number of chains: 3
Scan methodology: full_scan
Scan style: multiplexed_flip_flop
Clock domain: no_mix

Chain      Scan Ports (si --> so)        # of Cells   Inst/Chain               Clock (port, time, edge)
-----      ----------------------        ----------   ----------               ------------------------
S 1        SI[2] -->  SO[2]                      84   ALU_I0/ALU_OUT_reg[0]    (scan_clk, 30.0, rising) 
S 2        SI[1] -->  SO[1]                      84   RegFile_I0/MEM_reg[4][0] (scan_clk, 30.0, rising) 
S 3        SI[0] -->  SO[0]                      83   RegFile_I0/MEM_reg[14][4]
                            (scan_clk, 30.0, rising) 
1
############################# Insert DFT ###############################
insert_dft
Loading db file '/home/IC/System/std_cells/libs/scmetro_tsmc_cl013g_rvt_ss_1p08v_125c.db'
Loading db file '/home/IC/System/std_cells/libs/scmetro_tsmc_cl013g_rvt_tt_1p2v_25c.db'
Loading db file '/home/IC/System/std_cells/libs/scmetro_tsmc_cl013g_rvt_ff_1p32v_m40c.db'
  Information: Using test design rule information from previous dft_drc run.
  Architecting Scan Chains
  Routing Scan Chains
  Routing Global Signals
  Mapping New Logic
Resetting current test mode
  Beginning Mapping Optimizations
  -------------------------------

                                  TOTAL                                      
   ELAPSED            WORST NEG   SETUP    DESIGN                            
    TIME      AREA      SLACK     COST    RULE COST         ENDPOINT         
  --------- --------- --------- --------- --------- -------------------------
    0:00:22   18516.6      0.00       0.0       0.0                          

1
######################## Optimize Logic post DFT #######################
compile -scan -incremental
Information: Choosing a test methodology will restrict the optimization of sequential cells. (UIO-12)

Information: There are 53 potential problems in your design. Please run 'check_design' for more information. (LINT-99)


Warning: Operating condition scmetro_tsmc_cl013g_rvt_ss_1p08v_125c set on design SYS_TOP has different process,
voltage and temperatures parameters than the parameters at which target library 
scmetro_tsmc_cl013g_rvt_tt_1p2v_25c is characterized. Delays may be inaccurate as a result. (OPT-998)

  Beginning Pass 1 Mapping  (Incremental)
  ------------------------

  Updating timing information
Information: Updating design information... (UID-85)

  Beginning Mapping Optimizations  (Medium effort)  (Incremental)
  -------------------------------

  Beginning Incremental Implementation Selection
  ----------------------------------------------
  Selecting implementations

  Beginning Delay Optimization Phase
  ----------------------------------

                                  TOTAL                                      
   ELAPSED            WORST NEG   SETUP    DESIGN                            
    TIME      AREA      SLACK     COST    RULE COST         ENDPOINT         
  --------- --------- --------- --------- --------- -------------------------
    0:00:01   18509.5      0.00       0.0       0.0                          
    0:00:02   18509.5      0.00       0.0       0.0                          
    0:00:02   18497.7      0.00       0.0       3.7                          


  Beginning Design Rule Fixing  (max_transition)  (max_capacitance)
  ----------------------------

                                  TOTAL                                      
   ELAPSED            WORST NEG   SETUP    DESIGN                            
    TIME      AREA      SLACK     COST    RULE COST         ENDPOINT         
  --------- --------- --------- --------- --------- -------------------------
    0:00:02   18497.7      0.00       0.0       3.7                          
    0:00:02   18490.7      0.00       0.0       0.0                          
Loading db file '/home/IC/System/std_cells/libs/scmetro_tsmc_cl013g_rvt_ss_1p08v_125c.db'
Loading db file '/home/IC/System/std_cells/libs/scmetro_tsmc_cl013g_rvt_tt_1p2v_25c.db'
Loading db file '/home/IC/System/std_cells/libs/scmetro_tsmc_cl013g_rvt_ff_1p32v_m40c.db'


Note: Symbol # after min delay cost means estimated hold TNS across all active scenarios 


  Optimization Complete
  ---------------------
1
###################### Design Rule Checking post DFT ###################
dft_drc -verbose -coverage_estimate > dft_drc_post_dft.rpt
#############################################################################
# Write out Design after initial compile
#############################################################################
#Avoid Writing assign statements in the netlist
change_name -hier -rule verilog
Warning: The specified replacement character (_) is conflicting with the specified allowed or restricted character.   (UCN-4)
1
write_file -format verilog -hierarchy -output SYS_TOP.v
Writing verilog file '/home/IC/System/dft/SYS_TOP.v'.
1
# DDC Gate Level Netlist
write_file -format ddc -hierarchy -output SYS_TOP.ddc
Writing ddc file 'SYS_TOP.ddc'.
1
# SDC(Synopsys Design Constraints) File
write_sdc -nosplit SYS_TOP.sdc
1
####################### reporting ##########################################
report_area -hierarchy > Area.rpt
report_power -hierarchy > Power.rpt
report_timing -max_paths 10 -delay_type min > hold.rpt
report_timing -max_paths 10 -delay_type max > setup.rpt
report_clock -attributes > clocks.rpt
report_constraint -all_violators > constraints.rpt
report_port > ports.rpt
################# starting graphical user interface #######################
#gui_start
#exit
dc_shell> 